Detecting C [-std=c11] compiler features failed to compile with the following output:
Change Dir: /home/dcamachog1501/Desktop/Proyecto#1_Client/cmake-build-debug/CMakeFiles/CMakeTmp

Run Build Command:"/usr/bin/make" "cmTC_bda9f/fast"
/usr/bin/make -f CMakeFiles/cmTC_bda9f.dir/build.make CMakeFiles/cmTC_bda9f.dir/build
make[1]: Entering directory '/home/dcamachog1501/Desktop/Proyecto#1_Client/cmake-build-debug/CMakeFiles/CMakeTmp'
make[1]: *** No rule to make target '/home/dcamachog1501/Desktop/Proyecto', needed by 'CMakeFiles/cmTC_bda9f.dir/feature_tests.c.o'.  Stop.
make[1]: Leaving directory '/home/dcamachog1501/Desktop/Proyecto#1_Client/cmake-build-debug/CMakeFiles/CMakeTmp'
Makefile:121: recipe for target 'cmTC_bda9f/fast' failed
make: *** [cmTC_bda9f/fast] Error 2



Detecting CXX [-std=c++1z] compiler features failed to compile with the following output:
Change Dir: /home/dcamachog1501/Desktop/Proyecto#1_Client/cmake-build-debug/CMakeFiles/CMakeTmp

Run Build Command:"/usr/bin/make" "cmTC_38b5a/fast"
/usr/bin/make -f CMakeFiles/cmTC_38b5a.dir/build.make CMakeFiles/cmTC_38b5a.dir/build
make[1]: Entering directory '/home/dcamachog1501/Desktop/Proyecto#1_Client/cmake-build-debug/CMakeFiles/CMakeTmp'
make[1]: *** No rule to make target '/home/dcamachog1501/Desktop/Proyecto', needed by 'CMakeFiles/cmTC_38b5a.dir/feature_tests.cxx.o'.  Stop.
make[1]: Leaving directory '/home/dcamachog1501/Desktop/Proyecto#1_Client/cmake-build-debug/CMakeFiles/CMakeTmp'
Makefile:121: recipe for target 'cmTC_38b5a/fast' failed
make: *** [cmTC_38b5a/fast] Error 2



